2025-08-18 20:53:04.544 | INFO     | myoconverter.O2MPipeline:O2MPipeline:52 - Start the conversion pipeline for : arm26
2025-08-18 20:53:04.545 | INFO     | myoconverter.O2MPipeline:coordinate_kwargs:75 - Coordinate the input configurations, remove conflicts.
2025-08-18 20:53:04.545 | INFO     | myoconverter.O2MPipeline:coordinate_kwargs:86 -    Checking configurations for step 2 conversion.
2025-08-18 20:53:04.545 | INFO     | myoconverter.O2MPipeline:coordinate_kwargs:103 -        All good now.
2025-08-18 20:53:04.545 | INFO     | myoconverter.O2MPipeline:coordinate_kwargs:119 -    Checking configurations for step 3 conversion.
2025-08-18 20:53:04.545 | INFO     | myoconverter.O2MPipeline:coordinate_kwargs:136 -        All good now.
2025-08-18 20:53:04.545 | INFO     | myoconverter.conversion_steps.O2MSteps:__init__:84 - Given OpenSim model file: ./models/osim/Arm26/arm26.osim
2025-08-18 20:53:04.545 | INFO     | myoconverter.conversion_steps.O2MSteps:__init__:85 - Reading mesh files from folder ./models/osim/Arm26/Geometry
2025-08-18 20:53:04.545 | INFO     | myoconverter.conversion_steps.O2MSteps:__init__:86 - Converted model will be saved in folder ./models/mjc/Arm26
2025-08-18 20:53:04.545 | INFO     | myoconverter.conversion_steps.O2MSteps:PipelineExecution:124 - Started step 1 conversion - cvt1.
2025-08-18 20:53:05.024 | INFO     | myoconverter.xml.converter:convert:40 - Commencing the conversion procedure!
2025-08-18 20:53:05.024 | INFO     | myoconverter.xml.converter:_parse_ground:138 - Parsing the ground
2025-08-18 20:53:05.024 | INFO     | myoconverter.xml.parsers:parse:59 - [BodyParser: Ground] ground
2025-08-18 20:53:05.025 | INFO     | myoconverter.xml.converter:_parse_constraints:147 - Starting to parse constraints
2025-08-18 20:53:05.025 | INFO     | myoconverter.xml.converter:_parse_bodies_and_joints:80 - Starting to parse bodies, wrapping objects, and joints
2025-08-18 20:53:05.025 | INFO     | myoconverter.xml.parsers:parse:59 - [BodyParser: Body] base
2025-08-18 20:53:05.858 | INFO     | myoconverter.xml.parsers:parse:59 - [WrapObjectParser: WrapCylinder] TRIlongglen
2025-08-18 20:53:05.858 | INFO     | myoconverter.xml.parsers:parse:59 - [JointParser: WeldJoint] offset
2025-08-18 20:53:05.859 | INFO     | myoconverter.xml.parsers:parse:59 - [BodyParser: Body] r_humerus
2025-08-18 20:53:05.890 | INFO     | myoconverter.xml.parsers:parse:59 - [WrapObjectParser: WrapEllipsoid] TRIlonghh
2025-08-18 20:53:05.890 | INFO     | myoconverter.xml.parsers:parse:59 - [WrapObjectParser: WrapEllipsoid] BIClonghh
2025-08-18 20:53:05.890 | INFO     | myoconverter.xml.parsers:parse:59 - [WrapObjectParser: WrapCylinder] TRI
2025-08-18 20:53:05.890 | INFO     | myoconverter.xml.parsers:parse:59 - [JointParser: CustomJoint] r_shoulder
2025-08-18 20:53:05.891 | INFO     | myoconverter.xml.parsers:parse:59 - [BodyParser: Body] r_ulna_radius_hand
2025-08-18 20:53:06.471 | INFO     | myoconverter.xml.parsers:parse:59 - [JointParser: CustomJoint] r_elbow
2025-08-18 20:53:06.474 | INFO     | myoconverter.xml.converter:_parse_forces:156 - Starting to parse forces, including path points and wrap paths
2025-08-18 20:53:06.474 | INFO     | myoconverter.xml.parsers:parse:59 - [ForceParser: Thelen2003Muscle] TRIlong
2025-08-18 20:53:06.475 | INFO     | myoconverter.xml.parsers:parse:59 - [PathPointParser: PathPoint] TRIlong-P1
2025-08-18 20:53:06.475 | INFO     | myoconverter.xml.parsers:parse:59 - [PathPointParser: PathPoint] TRIlong-P2
2025-08-18 20:53:06.475 | INFO     | myoconverter.xml.parsers:parse:59 - [PathPointParser: PathPoint] TRIlong-P3
2025-08-18 20:53:06.475 | INFO     | myoconverter.xml.parsers:parse:59 - [PathPointParser: PathPoint] TRIlong-P4
2025-08-18 20:53:06.476 | INFO     | myoconverter.xml.parsers:parse:59 - [PathPointParser: PathPoint] TRIlong-P5
2025-08-18 20:53:06.476 | INFO     | myoconverter.xml.parsers:parse:59 - [PathWrapSetParser: PathWrapSet] 
2025-08-18 20:53:06.476 | INFO     | myoconverter.xml.parsers:parse:59 - [PathWrapParser: PathWrap] TRIlong-wrap-cylinder1
2025-08-18 20:53:06.485 | INFO     | myoconverter.xml.parsers:parse:59 - [PathWrapParser: PathWrap] TRIlong-wrap-ellipsoid
2025-08-18 20:53:06.488 | INFO     | myoconverter.xml.parsers:parse:59 - [PathWrapParser: PathWrap] TRIlong-wrap-cylinder2
2025-08-18 20:53:06.489 | INFO     | myoconverter.xml.parsers:parse:59 - [ForceParser: Thelen2003Muscle] TRIlat
2025-08-18 20:53:06.489 | INFO     | myoconverter.xml.parsers:parse:59 - [PathPointParser: PathPoint] TRIlat-P1
2025-08-18 20:53:06.489 | INFO     | myoconverter.xml.parsers:parse:59 - [PathPointParser: PathPoint] TRIlat-P2
2025-08-18 20:53:06.489 | INFO     | myoconverter.xml.parsers:parse:59 - [PathPointParser: PathPoint] TRIlat-P3
2025-08-18 20:53:06.489 | INFO     | myoconverter.xml.parsers:parse:59 - [PathPointParser: PathPoint] TRIlat-P4
2025-08-18 20:53:06.489 | INFO     | myoconverter.xml.parsers:parse:59 - [PathPointParser: PathPoint] TRIlat-P5
2025-08-18 20:53:06.490 | INFO     | myoconverter.xml.parsers:parse:59 - [PathWrapSetParser: PathWrapSet] 
2025-08-18 20:53:06.490 | INFO     | myoconverter.xml.parsers:parse:59 - [PathWrapParser: PathWrap] pathwrap
2025-08-18 20:53:06.491 | INFO     | myoconverter.xml.parsers:parse:59 - [ForceParser: Thelen2003Muscle] TRImed
2025-08-18 20:53:06.491 | INFO     | myoconverter.xml.parsers:parse:59 - [PathPointParser: PathPoint] TRImed-P1
2025-08-18 20:53:06.491 | INFO     | myoconverter.xml.parsers:parse:59 - [PathPointParser: PathPoint] TRImed-P2
2025-08-18 20:53:06.491 | INFO     | myoconverter.xml.parsers:parse:59 - [PathPointParser: PathPoint] TRImed-P3
2025-08-18 20:53:06.491 | INFO     | myoconverter.xml.parsers:parse:59 - [PathPointParser: PathPoint] TRImed-P4
2025-08-18 20:53:06.491 | INFO     | myoconverter.xml.parsers:parse:59 - [PathPointParser: PathPoint] TRImed-P5
2025-08-18 20:53:06.491 | INFO     | myoconverter.xml.parsers:parse:59 - [PathWrapSetParser: PathWrapSet] 
2025-08-18 20:53:06.491 | INFO     | myoconverter.xml.parsers:parse:59 - [PathWrapParser: PathWrap] pathwrap
2025-08-18 20:53:06.494 | INFO     | myoconverter.xml.parsers:parse:59 - [ForceParser: Thelen2003Muscle] BIClong
2025-08-18 20:53:06.494 | INFO     | myoconverter.xml.parsers:parse:59 - [PathPointParser: PathPoint] BIClong-P1
2025-08-18 20:53:06.495 | INFO     | myoconverter.xml.parsers:parse:59 - [PathPointParser: PathPoint] BIClong-P2
2025-08-18 20:53:06.495 | INFO     | myoconverter.xml.parsers:parse:59 - [PathPointParser: PathPoint] BIClong-P3
2025-08-18 20:53:06.495 | INFO     | myoconverter.xml.parsers:parse:59 - [PathPointParser: PathPoint] BIClong-P4
2025-08-18 20:53:06.495 | INFO     | myoconverter.xml.parsers:parse:59 - [PathPointParser: PathPoint] BIClong-P5
2025-08-18 20:53:06.496 | INFO     | myoconverter.xml.parsers:parse:59 - [PathPointParser: PathPoint] BIClong-P6
2025-08-18 20:53:06.497 | INFO     | myoconverter.xml.parsers:parse:59 - [PathPointParser: PathPoint] BIClong-P7
2025-08-18 20:53:06.497 | INFO     | myoconverter.xml.parsers:parse:59 - [PathPointParser: PathPoint] BIClong-P8
2025-08-18 20:53:06.498 | INFO     | myoconverter.xml.parsers:parse:59 - [PathPointParser: PathPoint] BIClong-P9
2025-08-18 20:53:06.499 | INFO     | myoconverter.xml.parsers:parse:59 - [PathWrapSetParser: PathWrapSet] 
2025-08-18 20:53:06.499 | INFO     | myoconverter.xml.parsers:parse:59 - [PathWrapParser: PathWrap] pathwrap
2025-08-18 20:53:06.499 | INFO     | myoconverter.xml.parsers:parse:59 - [ForceParser: Thelen2003Muscle] BICshort
2025-08-18 20:53:06.499 | INFO     | myoconverter.xml.parsers:parse:59 - [PathPointParser: PathPoint] BICshort-P1
2025-08-18 20:53:06.500 | INFO     | myoconverter.xml.parsers:parse:59 - [PathPointParser: PathPoint] BICshort-P2
2025-08-18 20:53:06.500 | INFO     | myoconverter.xml.parsers:parse:59 - [PathPointParser: PathPoint] BICshort-P3
2025-08-18 20:53:06.500 | INFO     | myoconverter.xml.parsers:parse:59 - [PathPointParser: PathPoint] BICshort-P4
2025-08-18 20:53:06.500 | INFO     | myoconverter.xml.parsers:parse:59 - [PathPointParser: PathPoint] BICshort-P5
2025-08-18 20:53:06.501 | INFO     | myoconverter.xml.parsers:parse:59 - [PathPointParser: PathPoint] BICshort-P6
2025-08-18 20:53:06.501 | INFO     | myoconverter.xml.parsers:parse:59 - [PathWrapSetParser: PathWrapSet] 
2025-08-18 20:53:06.501 | INFO     | myoconverter.xml.parsers:parse:59 - [ForceParser: Thelen2003Muscle] BRA
2025-08-18 20:53:06.501 | INFO     | myoconverter.xml.parsers:parse:59 - [PathPointParser: PathPoint] BRA-P1
2025-08-18 20:53:06.501 | INFO     | myoconverter.xml.parsers:parse:59 - [PathPointParser: PathPoint] BRA-P2
2025-08-18 20:53:06.501 | INFO     | myoconverter.xml.parsers:parse:59 - [PathWrapSetParser: PathWrapSet] 
2025-08-18 20:53:06.501 | INFO     | myoconverter.xml.parsers:parse:59 - [PathWrapParser: PathWrap] pathwrap
2025-08-18 20:53:06.502 | INFO     | myoconverter.xml.converter:_parse_markers:165 - Starting to parse markers
2025-08-18 20:53:06.502 | INFO     | myoconverter.xml.parsers:parse:59 - [MarkerParser: Marker] r_acromion
2025-08-18 20:53:06.502 | INFO     | myoconverter.xml.parsers:parse:59 - [MarkerParser: Marker] r_humerus_epicondyle
2025-08-18 20:53:06.502 | INFO     | myoconverter.xml.parsers:parse:59 - [MarkerParser: Marker] r_radius_styloid
2025-08-18 20:53:06.502 | INFO     | myoconverter.xml.converter:_set_keyframe:176 - Setting the default keyframe
2025-08-18 20:53:06.503 | INFO     | myoconverter.xml.converter:convert:65 - Writing the converted model into ./models/mjc/Arm26/arm26_cvt1.xml
2025-08-18 20:53:06.504 | INFO     | myoconverter.xml.converter:convert:68 - All good, conversion procedure is finished
2025-08-18 20:53:06.504 | INFO     | myoconverter.conversion_steps.O2MSteps:PipelineExecution:126 - Finished step 1 conversion - cvt1.
2025-08-18 20:53:06.504 | INFO     | myoconverter.conversion_steps.O2MSteps:PipelineExecution:132 - Started step 1 validation - val1.
2025-08-18 20:53:06.504 | INFO     | myoconverter.conversion_steps.O2MStep1:vlt1_forwardKinematicsValidation:123 - Extract marker names (as endpoints) from osim model
2025-08-18 20:53:06.775 | INFO     | myoconverter.conversion_steps.O2MStep1:vlt1_forwardKinematicsValidation:145 - Get the endpoint locations by meshing the joint angles within the range limits
2025-08-18 20:53:07.213 | INFO     | myoconverter.conversion_steps.O2MStep1:vlt1_forwardKinematicsValidation:152 - Check if the joint motion ranges are the same between Osim and Mjc models
2025-08-18 20:53:07.214 | INFO     | myoconverter.conversion_steps.O2MStep1:vlt1_forwardKinematicsValidation:172 - Finished with joint operation range check. Saved Results
2025-08-18 20:53:07.214 | INFO     | myoconverter.conversion_steps.O2MStep1:endPointsPlot:180 - Plot each endpoint's location errors in x, y, z.
2025-08-18 20:53:07.214 | INFO     | myoconverter.conversion_steps.O2MStep1:endPointsPlot:192 - Endpoint : r_acromion
2025-08-18 20:53:07.291 | INFO     | myoconverter.conversion_steps.O2MStep1:endPointsPlot:192 - Endpoint : r_humerus_epicondyle
2025-08-18 20:53:07.354 | INFO     | myoconverter.conversion_steps.O2MStep1:endPointsPlot:192 - Endpoint : r_radius_styloid
2025-08-18 20:53:07.416 | INFO     | myoconverter.conversion_steps.O2MStep1:endPointsPlot:256 - Generate overall error Bar plot
2025-08-18 20:53:07.446 | INFO     | myoconverter.conversion_steps.O2MSteps:PipelineExecution:142 - Finished step 1 validation - val1.
2025-08-18 20:53:07.446 | INFO     | myoconverter.conversion_steps.O2MSteps:PipelineExecution:171 - xxx_cvt2 model already exist, process from it
2025-08-18 20:53:07.890 | INFO     | myoconverter.conversion_steps.O2MStep2:__init__:102 - Overwrite command confirmed
2025-08-18 20:53:07.890 | INFO     | myoconverter.conversion_steps.O2MStep2:__init__:103 - Generating MA data from OsimMuscleStates, may take a while
2025-08-18 20:53:07.890 | INFO     | myoconverter.optimization.model_states.OsimMuscleStates:getWrapingCoords:65 - Extract the joints that muscle wrapped over from Osim model
2025-08-18 20:53:07.904 | INFO     | myoconverter.optimization.model_states.OsimMuscleStates:getMomentArms:163 - Calculate moment arms from Osim model
2025-08-18 20:53:07.904 | INFO     | myoconverter.optimization.model_states.OsimMuscleStates:getMomentArms:168 - Muscle: TRIlong
2025-08-18 20:53:07.909 | INFO     | myoconverter.optimization.model_states.OsimMuscleStates:getMomentArms:168 - Muscle: TRIlat
2025-08-18 20:53:07.910 | INFO     | myoconverter.optimization.model_states.OsimMuscleStates:getMomentArms:168 - Muscle: TRImed
2025-08-18 20:53:07.912 | INFO     | myoconverter.optimization.model_states.OsimMuscleStates:getMomentArms:168 - Muscle: BIClong
2025-08-18 20:53:07.916 | INFO     | myoconverter.optimization.model_states.OsimMuscleStates:getMomentArms:168 - Muscle: BICshort
2025-08-18 20:53:07.919 | INFO     | myoconverter.optimization.model_states.OsimMuscleStates:getMomentArms:168 - Muscle: BRA
2025-08-18 20:53:07.921 | INFO     | myoconverter.conversion_steps.O2MStep2:__init__:173 - Finished cvt2 initialize
2025-08-18 20:53:07.921 | INFO     | myoconverter.conversion_steps.O2MSteps:PipelineExecution:198 - Started step 2 conversion - cvt2.
2025-08-18 20:53:07.921 | INFO     | myoconverter.conversion_steps.O2MStep2:optMomentArms:191 - Running MA optimization with the given muscle list one by one
2025-08-18 20:53:07.921 | INFO     | myoconverter.conversion_steps.O2MStep2:optMomentArms:195 - Muscle : TRIlong 
2025-08-18 20:53:07.922 | INFO     | myoconverter.conversion_steps.O2MStep2:optMomentArms:208 -     At joints: r_elbow_flex
2025-08-18 20:53:07.923 | INFO     | myoconverter.conversion_steps.O2MStep2:optMomentArms:227 -     Start MA optimization
2025-08-18 20:53:20.309 | INFO     | myoconverter.optimization.utils.UtilsLengthOpt:maOptPSO_cust:272 -         PSO iteration: 0 ; 0 percentage similarities; Best obj: 0.0
2025-08-18 20:53:20.319 | INFO     | myoconverter.optimization.utils.UtilsLengthOpt:maOptPSO_cust:272 -         PSO iteration: 1 ; 25 percentage similarities; Best obj: 0.0
2025-08-18 20:53:20.321 | INFO     | myoconverter.optimization.utils.UtilsLengthOpt:maOptPSO_cust:292 -         Break the optimization, since certain number of similar particles reached
2025-08-18 20:53:20.356 | INFO     | myoconverter.conversion_steps.O2MStep2:optMomentArms:208 -     At joints: r_shoulder_elev
2025-08-18 20:53:20.358 | INFO     | myoconverter.conversion_steps.O2MStep2:optMomentArms:227 -     Start MA optimization
2025-08-18 20:53:20.358 | INFO     | myoconverter.conversion_steps.O2MStep2:optMomentArms:231 -     No wrapping information extracted, skipped
2025-08-18 20:53:20.358 | INFO     | myoconverter.conversion_steps.O2MStep2:optMomentArms:195 - Muscle : TRIlat 
2025-08-18 20:53:20.359 | INFO     | myoconverter.conversion_steps.O2MStep2:optMomentArms:208 -     At joints: r_elbow_flex
2025-08-18 20:53:20.360 | INFO     | myoconverter.conversion_steps.O2MStep2:optMomentArms:220 -     MA errors between Osim and Mjc models are smaller than throshold, optimization skipped
2025-08-18 20:53:20.360 | INFO     | myoconverter.conversion_steps.O2MStep2:optMomentArms:195 - Muscle : TRImed 
2025-08-18 20:53:20.361 | INFO     | myoconverter.conversion_steps.O2MStep2:optMomentArms:208 -     At joints: r_elbow_flex
2025-08-18 20:53:20.362 | INFO     | myoconverter.conversion_steps.O2MStep2:optMomentArms:220 -     MA errors between Osim and Mjc models are smaller than throshold, optimization skipped
2025-08-18 20:53:20.362 | INFO     | myoconverter.conversion_steps.O2MStep2:optMomentArms:195 - Muscle : BIClong 
2025-08-18 20:53:20.364 | INFO     | myoconverter.conversion_steps.O2MStep2:optMomentArms:208 -     At joints: r_elbow_flex
2025-08-18 20:53:20.365 | INFO     | myoconverter.conversion_steps.O2MStep2:optMomentArms:220 -     MA errors between Osim and Mjc models are smaller than throshold, optimization skipped
2025-08-18 20:53:20.365 | INFO     | myoconverter.conversion_steps.O2MStep2:optMomentArms:208 -     At joints: r_shoulder_elev
2025-08-18 20:53:20.365 | INFO     | myoconverter.conversion_steps.O2MStep2:optMomentArms:227 -     Start MA optimization
2025-08-18 20:53:20.366 | INFO     | myoconverter.conversion_steps.O2MStep2:optMomentArms:231 -     No wrapping information extracted, skipped
2025-08-18 20:53:20.366 | INFO     | myoconverter.conversion_steps.O2MStep2:optMomentArms:195 - Muscle : BICshort 
2025-08-18 20:53:20.366 | INFO     | myoconverter.conversion_steps.O2MStep2:optMomentArms:208 -     At joints: r_elbow_flex
2025-08-18 20:53:20.367 | INFO     | myoconverter.conversion_steps.O2MStep2:optMomentArms:220 -     MA errors between Osim and Mjc models are smaller than throshold, optimization skipped
2025-08-18 20:53:20.367 | INFO     | myoconverter.conversion_steps.O2MStep2:optMomentArms:208 -     At joints: r_shoulder_elev
2025-08-18 20:53:20.368 | INFO     | myoconverter.conversion_steps.O2MStep2:optMomentArms:220 -     MA errors between Osim and Mjc models are smaller than throshold, optimization skipped
2025-08-18 20:53:20.368 | INFO     | myoconverter.conversion_steps.O2MStep2:optMomentArms:195 - Muscle : BRA 
2025-08-18 20:53:20.369 | INFO     | myoconverter.conversion_steps.O2MStep2:optMomentArms:208 -     At joints: r_elbow_flex
2025-08-18 20:53:20.370 | INFO     | myoconverter.conversion_steps.O2MStep2:optMomentArms:220 -     MA errors between Osim and Mjc models are smaller than throshold, optimization skipped
2025-08-18 20:53:20.371 | INFO     | myoconverter.conversion_steps.O2MSteps:PipelineExecution:200 - Finished step 2 conversion - cvt2.
2025-08-18 20:53:20.371 | INFO     | myoconverter.conversion_steps.O2MSteps:PipelineExecution:206 - Started step 2 validation - val2.
2025-08-18 20:53:21.285 | INFO     | myoconverter.conversion_steps.O2MSteps:PipelineExecution:208 - Finished step 2 validation - val2.
2025-08-18 20:53:21.285 | INFO     | myoconverter.conversion_steps.O2MSteps:PipelineExecution:233 - xxx_cvt3 model already exist, process from it
2025-08-18 20:53:21.748 | INFO     | myoconverter.conversion_steps.O2MStep3:__init__:96 - Overwrite command confirmed
2025-08-18 20:53:21.749 | INFO     | myoconverter.conversion_steps.O2MStep3:__init__:97 - Generating force map data from OsimMuscleStates, may take a while
2025-08-18 20:53:21.749 | INFO     | myoconverter.optimization.model_states.OsimMuscleStates:getWrapingCoords:65 - Extract the joints that muscle wrapped over from Osim model
2025-08-18 20:53:21.763 | INFO     | myoconverter.optimization.model_states.OsimMuscleStates:getMuscleForceMaps:267 - Calculate muscle force curves from Osim model
2025-08-18 20:53:21.763 | INFO     | myoconverter.optimization.model_states.OsimMuscleStates:getMuscleForceMaps:272 - Muscle: TRIlong
2025-08-18 20:53:21.773 | INFO     | myoconverter.optimization.model_states.OsimMuscleStates:getMuscleForceMaps:272 - Muscle: TRIlat
2025-08-18 20:53:21.777 | INFO     | myoconverter.optimization.model_states.OsimMuscleStates:getMuscleForceMaps:272 - Muscle: TRImed
2025-08-18 20:53:21.781 | INFO     | myoconverter.optimization.model_states.OsimMuscleStates:getMuscleForceMaps:272 - Muscle: BIClong
2025-08-18 20:53:21.790 | INFO     | myoconverter.optimization.model_states.OsimMuscleStates:getMuscleForceMaps:272 - Muscle: BICshort
2025-08-18 20:53:21.795 | INFO     | myoconverter.optimization.model_states.OsimMuscleStates:getMuscleForceMaps:272 - Muscle: BRA
2025-08-18 20:53:21.800 | INFO     | myoconverter.conversion_steps.O2MStep3:__init__:195 - Finished cvt3 initialize ...
2025-08-18 20:53:21.800 | INFO     | myoconverter.conversion_steps.O2MSteps:PipelineExecution:260 - Started step 3 conversion - cvt3.
2025-08-18 20:53:21.800 | INFO     | myoconverter.conversion_steps.O2MStep3:optMuscleForce:208 - Running MF optimization with the given muscle list one by one
2025-08-18 20:53:21.801 | INFO     | myoconverter.conversion_steps.O2MStep3:optMuscleForce:273 - Muscle : TRIlong 
2025-08-18 20:53:34.089 | INFO     | myoconverter.optimization.utils.UtilsForceOpt:fmOptPSO_cust:189 -         PSO iteration: 0 ; 0 percentage similarities; Best obj: 0.26709
2025-08-18 20:53:34.107 | INFO     | myoconverter.optimization.utils.UtilsForceOpt:fmOptPSO_cust:189 -         PSO iteration: 1 ; 1 percentage similarities; Best obj: 0.26196
2025-08-18 20:53:34.119 | INFO     | myoconverter.optimization.utils.UtilsForceOpt:fmOptPSO_cust:189 -         PSO iteration: 2 ; 1 percentage similarities; Best obj: 0.21768
2025-08-18 20:53:34.137 | INFO     | myoconverter.optimization.utils.UtilsForceOpt:fmOptPSO_cust:189 -         PSO iteration: 3 ; 1 percentage similarities; Best obj: 0.21768
2025-08-18 20:53:34.157 | INFO     | myoconverter.optimization.utils.UtilsForceOpt:fmOptPSO_cust:189 -         PSO iteration: 4 ; 1 percentage similarities; Best obj: 0.21768
2025-08-18 20:53:34.176 | INFO     | myoconverter.optimization.utils.UtilsForceOpt:fmOptPSO_cust:189 -         PSO iteration: 5 ; 1 percentage similarities; Best obj: 0.21025
2025-08-18 20:53:34.187 | INFO     | myoconverter.optimization.utils.UtilsForceOpt:fmOptPSO_cust:189 -         PSO iteration: 6 ; 1 percentage similarities; Best obj: 0.20853
2025-08-18 20:53:34.197 | INFO     | myoconverter.optimization.utils.UtilsForceOpt:fmOptPSO_cust:189 -         PSO iteration: 7 ; 1 percentage similarities; Best obj: 0.20818
2025-08-18 20:53:34.207 | INFO     | myoconverter.optimization.utils.UtilsForceOpt:fmOptPSO_cust:189 -         PSO iteration: 8 ; 2 percentage similarities; Best obj: 0.20627
2025-08-18 20:53:34.217 | INFO     | myoconverter.optimization.utils.UtilsForceOpt:fmOptPSO_cust:189 -         PSO iteration: 9 ; 6 percentage similarities; Best obj: 0.20532
2025-08-18 20:53:34.229 | INFO     | myoconverter.optimization.utils.UtilsForceOpt:fmOptPSO_cust:189 -         PSO iteration: 10 ; 5 percentage similarities; Best obj: 0.20419
2025-08-18 20:53:34.239 | INFO     | myoconverter.optimization.utils.UtilsForceOpt:fmOptPSO_cust:189 -         PSO iteration: 11 ; 4 percentage similarities; Best obj: 0.20273
2025-08-18 20:53:34.249 | INFO     | myoconverter.optimization.utils.UtilsForceOpt:fmOptPSO_cust:189 -         PSO iteration: 12 ; 11 percentage similarities; Best obj: 0.20173
2025-08-18 20:53:34.262 | INFO     | myoconverter.optimization.utils.UtilsForceOpt:fmOptPSO_cust:189 -         PSO iteration: 13 ; 12 percentage similarities; Best obj: 0.20154
2025-08-18 20:53:34.273 | INFO     | myoconverter.optimization.utils.UtilsForceOpt:fmOptPSO_cust:189 -         PSO iteration: 14 ; 20 percentage similarities; Best obj: 0.20142
2025-08-18 20:53:34.284 | INFO     | myoconverter.optimization.utils.UtilsForceOpt:fmOptPSO_cust:189 -         PSO iteration: 15 ; 26 percentage similarities; Best obj: 0.20127
2025-08-18 20:53:34.295 | INFO     | myoconverter.optimization.utils.UtilsForceOpt:fmOptPSO_cust:189 -         PSO iteration: 16 ; 30 percentage similarities; Best obj: 0.20066
2025-08-18 20:53:34.305 | INFO     | myoconverter.optimization.utils.UtilsForceOpt:fmOptPSO_cust:189 -         PSO iteration: 17 ; 32 percentage similarities; Best obj: 0.20051
2025-08-18 20:53:34.306 | INFO     | myoconverter.optimization.utils.UtilsForceOpt:fmOptPSO_cust:197 -         Break the optimization, since certain number of similar particles reached
2025-08-18 20:53:34.334 | INFO     | myoconverter.conversion_steps.O2MStep3:optMuscleForce:273 - Muscle : TRIlat 
2025-08-18 20:53:46.611 | INFO     | myoconverter.optimization.utils.UtilsForceOpt:fmOptPSO_cust:189 -         PSO iteration: 0 ; 0 percentage similarities; Best obj: 0.06816
2025-08-18 20:53:46.640 | INFO     | myoconverter.optimization.utils.UtilsForceOpt:fmOptPSO_cust:189 -         PSO iteration: 1 ; 1 percentage similarities; Best obj: 0.05875
2025-08-18 20:53:46.656 | INFO     | myoconverter.optimization.utils.UtilsForceOpt:fmOptPSO_cust:189 -         PSO iteration: 2 ; 1 percentage similarities; Best obj: 0.05745
2025-08-18 20:53:46.673 | INFO     | myoconverter.optimization.utils.UtilsForceOpt:fmOptPSO_cust:189 -         PSO iteration: 3 ; 1 percentage similarities; Best obj: 0.04723
2025-08-18 20:53:46.687 | INFO     | myoconverter.optimization.utils.UtilsForceOpt:fmOptPSO_cust:189 -         PSO iteration: 4 ; 1 percentage similarities; Best obj: 0.03625
2025-08-18 20:53:46.699 | INFO     | myoconverter.optimization.utils.UtilsForceOpt:fmOptPSO_cust:189 -         PSO iteration: 5 ; 1 percentage similarities; Best obj: 0.03359
2025-08-18 20:53:46.711 | INFO     | myoconverter.optimization.utils.UtilsForceOpt:fmOptPSO_cust:189 -         PSO iteration: 6 ; 1 percentage similarities; Best obj: 0.03294
2025-08-18 20:53:46.723 | INFO     | myoconverter.optimization.utils.UtilsForceOpt:fmOptPSO_cust:189 -         PSO iteration: 7 ; 1 percentage similarities; Best obj: 0.02884
2025-08-18 20:53:46.739 | INFO     | myoconverter.optimization.utils.UtilsForceOpt:fmOptPSO_cust:189 -         PSO iteration: 8 ; 1 percentage similarities; Best obj: 0.02388
2025-08-18 20:53:46.750 | INFO     | myoconverter.optimization.utils.UtilsForceOpt:fmOptPSO_cust:189 -         PSO iteration: 9 ; 1 percentage similarities; Best obj: 0.02125
2025-08-18 20:53:46.763 | INFO     | myoconverter.optimization.utils.UtilsForceOpt:fmOptPSO_cust:189 -         PSO iteration: 10 ; 1 percentage similarities; Best obj: 0.01874
2025-08-18 20:53:46.777 | INFO     | myoconverter.optimization.utils.UtilsForceOpt:fmOptPSO_cust:189 -         PSO iteration: 11 ; 1 percentage similarities; Best obj: 0.01828
2025-08-18 20:53:46.787 | INFO     | myoconverter.optimization.utils.UtilsForceOpt:fmOptPSO_cust:189 -         PSO iteration: 12 ; 1 percentage similarities; Best obj: 0.01819
2025-08-18 20:53:46.797 | INFO     | myoconverter.optimization.utils.UtilsForceOpt:fmOptPSO_cust:189 -         PSO iteration: 13 ; 5 percentage similarities; Best obj: 0.01794
2025-08-18 20:53:46.808 | INFO     | myoconverter.optimization.utils.UtilsForceOpt:fmOptPSO_cust:189 -         PSO iteration: 14 ; 5 percentage similarities; Best obj: 0.01749
2025-08-18 20:53:46.819 | INFO     | myoconverter.optimization.utils.UtilsForceOpt:fmOptPSO_cust:189 -         PSO iteration: 15 ; 4 percentage similarities; Best obj: 0.01728
2025-08-18 20:53:46.829 | INFO     | myoconverter.optimization.utils.UtilsForceOpt:fmOptPSO_cust:189 -         PSO iteration: 16 ; 5 percentage similarities; Best obj: 0.0172
2025-08-18 20:53:46.839 | INFO     | myoconverter.optimization.utils.UtilsForceOpt:fmOptPSO_cust:189 -         PSO iteration: 17 ; 14 percentage similarities; Best obj: 0.01717
2025-08-18 20:53:46.849 | INFO     | myoconverter.optimization.utils.UtilsForceOpt:fmOptPSO_cust:189 -         PSO iteration: 18 ; 21 percentage similarities; Best obj: 0.01713
2025-08-18 20:53:46.860 | INFO     | myoconverter.optimization.utils.UtilsForceOpt:fmOptPSO_cust:189 -         PSO iteration: 19 ; 31 percentage similarities; Best obj: 0.0171
2025-08-18 20:53:46.870 | INFO     | myoconverter.optimization.utils.UtilsForceOpt:fmOptPSO_cust:189 -         PSO iteration: 20 ; 36 percentage similarities; Best obj: 0.0171
2025-08-18 20:53:46.879 | INFO     | myoconverter.optimization.utils.UtilsForceOpt:fmOptPSO_cust:189 -         PSO iteration: 21 ; 45 percentage similarities; Best obj: 0.01709
2025-08-18 20:53:46.879 | INFO     | myoconverter.optimization.utils.UtilsForceOpt:fmOptPSO_cust:197 -         Break the optimization, since certain number of similar particles reached
2025-08-18 20:53:46.909 | INFO     | myoconverter.conversion_steps.O2MStep3:optMuscleForce:273 - Muscle : TRImed 
2025-08-18 20:53:59.155 | INFO     | myoconverter.optimization.utils.UtilsForceOpt:fmOptPSO_cust:189 -         PSO iteration: 0 ; 0 percentage similarities; Best obj: 0.03911
2025-08-18 20:53:59.170 | INFO     | myoconverter.optimization.utils.UtilsForceOpt:fmOptPSO_cust:189 -         PSO iteration: 1 ; 1 percentage similarities; Best obj: 0.03394
2025-08-18 20:53:59.179 | INFO     | myoconverter.optimization.utils.UtilsForceOpt:fmOptPSO_cust:189 -         PSO iteration: 2 ; 1 percentage similarities; Best obj: 0.03171
2025-08-18 20:53:59.190 | INFO     | myoconverter.optimization.utils.UtilsForceOpt:fmOptPSO_cust:189 -         PSO iteration: 3 ; 1 percentage similarities; Best obj: 0.03171
2025-08-18 20:53:59.200 | INFO     | myoconverter.optimization.utils.UtilsForceOpt:fmOptPSO_cust:189 -         PSO iteration: 4 ; 1 percentage similarities; Best obj: 0.02978
2025-08-18 20:53:59.212 | INFO     | myoconverter.optimization.utils.UtilsForceOpt:fmOptPSO_cust:189 -         PSO iteration: 5 ; 1 percentage similarities; Best obj: 0.02923
2025-08-18 20:53:59.223 | INFO     | myoconverter.optimization.utils.UtilsForceOpt:fmOptPSO_cust:189 -         PSO iteration: 6 ; 1 percentage similarities; Best obj: 0.0291
2025-08-18 20:53:59.232 | INFO     | myoconverter.optimization.utils.UtilsForceOpt:fmOptPSO_cust:189 -         PSO iteration: 7 ; 1 percentage similarities; Best obj: 0.02907
2025-08-18 20:53:59.244 | INFO     | myoconverter.optimization.utils.UtilsForceOpt:fmOptPSO_cust:189 -         PSO iteration: 8 ; 2 percentage similarities; Best obj: 0.02904
2025-08-18 20:53:59.253 | INFO     | myoconverter.optimization.utils.UtilsForceOpt:fmOptPSO_cust:189 -         PSO iteration: 9 ; 2 percentage similarities; Best obj: 0.02883
2025-08-18 20:53:59.263 | INFO     | myoconverter.optimization.utils.UtilsForceOpt:fmOptPSO_cust:189 -         PSO iteration: 10 ; 2 percentage similarities; Best obj: 0.02629
2025-08-18 20:53:59.274 | INFO     | myoconverter.optimization.utils.UtilsForceOpt:fmOptPSO_cust:189 -         PSO iteration: 11 ; 1 percentage similarities; Best obj: 0.02528
2025-08-18 20:53:59.288 | INFO     | myoconverter.optimization.utils.UtilsForceOpt:fmOptPSO_cust:189 -         PSO iteration: 12 ; 1 percentage similarities; Best obj: 0.02459
2025-08-18 20:53:59.298 | INFO     | myoconverter.optimization.utils.UtilsForceOpt:fmOptPSO_cust:189 -         PSO iteration: 13 ; 1 percentage similarities; Best obj: 0.02371
2025-08-18 20:53:59.311 | INFO     | myoconverter.optimization.utils.UtilsForceOpt:fmOptPSO_cust:189 -         PSO iteration: 14 ; 1 percentage similarities; Best obj: 0.02345
2025-08-18 20:53:59.365 | INFO     | myoconverter.optimization.utils.UtilsForceOpt:fmOptPSO_cust:189 -         PSO iteration: 15 ; 1 percentage similarities; Best obj: 0.02308
2025-08-18 20:53:59.383 | INFO     | myoconverter.optimization.utils.UtilsForceOpt:fmOptPSO_cust:189 -         PSO iteration: 16 ; 1 percentage similarities; Best obj: 0.02273
2025-08-18 20:53:59.397 | INFO     | myoconverter.optimization.utils.UtilsForceOpt:fmOptPSO_cust:189 -         PSO iteration: 17 ; 2 percentage similarities; Best obj: 0.02262
2025-08-18 20:53:59.411 | INFO     | myoconverter.optimization.utils.UtilsForceOpt:fmOptPSO_cust:189 -         PSO iteration: 18 ; 4 percentage similarities; Best obj: 0.02246
2025-08-18 20:53:59.426 | INFO     | myoconverter.optimization.utils.UtilsForceOpt:fmOptPSO_cust:189 -         PSO iteration: 19 ; 6 percentage similarities; Best obj: 0.0224
2025-08-18 20:53:59.440 | INFO     | myoconverter.optimization.utils.UtilsForceOpt:fmOptPSO_cust:189 -         PSO iteration: 20 ; 6 percentage similarities; Best obj: 0.0223
2025-08-18 20:53:59.454 | INFO     | myoconverter.optimization.utils.UtilsForceOpt:fmOptPSO_cust:189 -         PSO iteration: 21 ; 10 percentage similarities; Best obj: 0.02228
2025-08-18 20:53:59.468 | INFO     | myoconverter.optimization.utils.UtilsForceOpt:fmOptPSO_cust:189 -         PSO iteration: 22 ; 21 percentage similarities; Best obj: 0.02228
2025-08-18 20:53:59.480 | INFO     | myoconverter.optimization.utils.UtilsForceOpt:fmOptPSO_cust:189 -         PSO iteration: 23 ; 46 percentage similarities; Best obj: 0.02227
2025-08-18 20:53:59.480 | INFO     | myoconverter.optimization.utils.UtilsForceOpt:fmOptPSO_cust:197 -         Break the optimization, since certain number of similar particles reached
2025-08-18 20:53:59.511 | INFO     | myoconverter.conversion_steps.O2MStep3:optMuscleForce:273 - Muscle : BIClong 
2025-08-18 20:54:11.828 | INFO     | myoconverter.optimization.utils.UtilsForceOpt:fmOptPSO_cust:189 -         PSO iteration: 0 ; 0 percentage similarities; Best obj: 0.09803
2025-08-18 20:54:11.846 | INFO     | myoconverter.optimization.utils.UtilsForceOpt:fmOptPSO_cust:189 -         PSO iteration: 1 ; 1 percentage similarities; Best obj: 0.09803
2025-08-18 20:54:11.856 | INFO     | myoconverter.optimization.utils.UtilsForceOpt:fmOptPSO_cust:189 -         PSO iteration: 2 ; 1 percentage similarities; Best obj: 0.09803
2025-08-18 20:54:11.866 | INFO     | myoconverter.optimization.utils.UtilsForceOpt:fmOptPSO_cust:189 -         PSO iteration: 3 ; 1 percentage similarities; Best obj: 0.09803
2025-08-18 20:54:11.876 | INFO     | myoconverter.optimization.utils.UtilsForceOpt:fmOptPSO_cust:189 -         PSO iteration: 4 ; 1 percentage similarities; Best obj: 0.09803
2025-08-18 20:54:11.887 | INFO     | myoconverter.optimization.utils.UtilsForceOpt:fmOptPSO_cust:189 -         PSO iteration: 5 ; 1 percentage similarities; Best obj: 0.0973
2025-08-18 20:54:11.897 | INFO     | myoconverter.optimization.utils.UtilsForceOpt:fmOptPSO_cust:189 -         PSO iteration: 6 ; 2 percentage similarities; Best obj: 0.09645
2025-08-18 20:54:11.909 | INFO     | myoconverter.optimization.utils.UtilsForceOpt:fmOptPSO_cust:189 -         PSO iteration: 7 ; 1 percentage similarities; Best obj: 0.09626
2025-08-18 20:54:11.919 | INFO     | myoconverter.optimization.utils.UtilsForceOpt:fmOptPSO_cust:189 -         PSO iteration: 8 ; 1 percentage similarities; Best obj: 0.0847
2025-08-18 20:54:11.929 | INFO     | myoconverter.optimization.utils.UtilsForceOpt:fmOptPSO_cust:189 -         PSO iteration: 9 ; 1 percentage similarities; Best obj: 0.07318
2025-08-18 20:54:11.940 | INFO     | myoconverter.optimization.utils.UtilsForceOpt:fmOptPSO_cust:189 -         PSO iteration: 10 ; 1 percentage similarities; Best obj: 0.05829
2025-08-18 20:54:11.949 | INFO     | myoconverter.optimization.utils.UtilsForceOpt:fmOptPSO_cust:189 -         PSO iteration: 11 ; 1 percentage similarities; Best obj: 0.05347
2025-08-18 20:54:11.960 | INFO     | myoconverter.optimization.utils.UtilsForceOpt:fmOptPSO_cust:189 -         PSO iteration: 12 ; 1 percentage similarities; Best obj: 0.05002
2025-08-18 20:54:11.974 | INFO     | myoconverter.optimization.utils.UtilsForceOpt:fmOptPSO_cust:189 -         PSO iteration: 13 ; 1 percentage similarities; Best obj: 0.04739
2025-08-18 20:54:11.990 | INFO     | myoconverter.optimization.utils.UtilsForceOpt:fmOptPSO_cust:189 -         PSO iteration: 14 ; 1 percentage similarities; Best obj: 0.04055
2025-08-18 20:54:12.003 | INFO     | myoconverter.optimization.utils.UtilsForceOpt:fmOptPSO_cust:189 -         PSO iteration: 15 ; 1 percentage similarities; Best obj: 0.03886
2025-08-18 20:54:12.016 | INFO     | myoconverter.optimization.utils.UtilsForceOpt:fmOptPSO_cust:189 -         PSO iteration: 16 ; 1 percentage similarities; Best obj: 0.03587
2025-08-18 20:54:12.030 | INFO     | myoconverter.optimization.utils.UtilsForceOpt:fmOptPSO_cust:189 -         PSO iteration: 17 ; 1 percentage similarities; Best obj: 0.03534
2025-08-18 20:54:12.047 | INFO     | myoconverter.optimization.utils.UtilsForceOpt:fmOptPSO_cust:189 -         PSO iteration: 18 ; 1 percentage similarities; Best obj: 0.03524
2025-08-18 20:54:12.059 | INFO     | myoconverter.optimization.utils.UtilsForceOpt:fmOptPSO_cust:189 -         PSO iteration: 19 ; 1 percentage similarities; Best obj: 0.03522
2025-08-18 20:54:12.071 | INFO     | myoconverter.optimization.utils.UtilsForceOpt:fmOptPSO_cust:189 -         PSO iteration: 20 ; 1 percentage similarities; Best obj: 0.03521
2025-08-18 20:54:12.086 | INFO     | myoconverter.optimization.utils.UtilsForceOpt:fmOptPSO_cust:189 -         PSO iteration: 21 ; 4 percentage similarities; Best obj: 0.0351
2025-08-18 20:54:12.100 | INFO     | myoconverter.optimization.utils.UtilsForceOpt:fmOptPSO_cust:189 -         PSO iteration: 22 ; 5 percentage similarities; Best obj: 0.03503
2025-08-18 20:54:12.111 | INFO     | myoconverter.optimization.utils.UtilsForceOpt:fmOptPSO_cust:189 -         PSO iteration: 23 ; 8 percentage similarities; Best obj: 0.03496
2025-08-18 20:54:12.126 | INFO     | myoconverter.optimization.utils.UtilsForceOpt:fmOptPSO_cust:189 -         PSO iteration: 24 ; 9 percentage similarities; Best obj: 0.03494
2025-08-18 20:54:12.136 | INFO     | myoconverter.optimization.utils.UtilsForceOpt:fmOptPSO_cust:189 -         PSO iteration: 25 ; 11 percentage similarities; Best obj: 0.03493
2025-08-18 20:54:12.146 | INFO     | myoconverter.optimization.utils.UtilsForceOpt:fmOptPSO_cust:189 -         PSO iteration: 26 ; 11 percentage similarities; Best obj: 0.03491
2025-08-18 20:54:12.156 | INFO     | myoconverter.optimization.utils.UtilsForceOpt:fmOptPSO_cust:189 -         PSO iteration: 27 ; 15 percentage similarities; Best obj: 0.03489
2025-08-18 20:54:12.166 | INFO     | myoconverter.optimization.utils.UtilsForceOpt:fmOptPSO_cust:189 -         PSO iteration: 28 ; 20 percentage similarities; Best obj: 0.03489
2025-08-18 20:54:12.176 | INFO     | myoconverter.optimization.utils.UtilsForceOpt:fmOptPSO_cust:189 -         PSO iteration: 29 ; 26 percentage similarities; Best obj: 0.03488
2025-08-18 20:54:12.187 | INFO     | myoconverter.optimization.utils.UtilsForceOpt:fmOptPSO_cust:189 -         PSO iteration: 30 ; 28 percentage similarities; Best obj: 0.03486
2025-08-18 20:54:12.197 | INFO     | myoconverter.optimization.utils.UtilsForceOpt:fmOptPSO_cust:189 -         PSO iteration: 31 ; 35 percentage similarities; Best obj: 0.03486
2025-08-18 20:54:12.197 | INFO     | myoconverter.optimization.utils.UtilsForceOpt:fmOptPSO_cust:197 -         Break the optimization, since certain number of similar particles reached
2025-08-18 20:54:12.230 | INFO     | myoconverter.conversion_steps.O2MStep3:optMuscleForce:273 - Muscle : BICshort 
2025-08-18 20:54:24.532 | INFO     | myoconverter.optimization.utils.UtilsForceOpt:fmOptPSO_cust:189 -         PSO iteration: 0 ; 0 percentage similarities; Best obj: 0.07331
2025-08-18 20:54:24.548 | INFO     | myoconverter.optimization.utils.UtilsForceOpt:fmOptPSO_cust:189 -         PSO iteration: 1 ; 1 percentage similarities; Best obj: 0.07331
2025-08-18 20:54:24.558 | INFO     | myoconverter.optimization.utils.UtilsForceOpt:fmOptPSO_cust:189 -         PSO iteration: 2 ; 1 percentage similarities; Best obj: 0.07331
2025-08-18 20:54:24.569 | INFO     | myoconverter.optimization.utils.UtilsForceOpt:fmOptPSO_cust:189 -         PSO iteration: 3 ; 1 percentage similarities; Best obj: 0.07331
2025-08-18 20:54:24.579 | INFO     | myoconverter.optimization.utils.UtilsForceOpt:fmOptPSO_cust:189 -         PSO iteration: 4 ; 1 percentage similarities; Best obj: 0.07331
2025-08-18 20:54:24.592 | INFO     | myoconverter.optimization.utils.UtilsForceOpt:fmOptPSO_cust:189 -         PSO iteration: 5 ; 1 percentage similarities; Best obj: 0.07331
2025-08-18 20:54:24.601 | INFO     | myoconverter.optimization.utils.UtilsForceOpt:fmOptPSO_cust:189 -         PSO iteration: 6 ; 1 percentage similarities; Best obj: 0.07331
2025-08-18 20:54:24.612 | INFO     | myoconverter.optimization.utils.UtilsForceOpt:fmOptPSO_cust:189 -         PSO iteration: 7 ; 1 percentage similarities; Best obj: 0.07331
2025-08-18 20:54:24.622 | INFO     | myoconverter.optimization.utils.UtilsForceOpt:fmOptPSO_cust:189 -         PSO iteration: 8 ; 1 percentage similarities; Best obj: 0.07331
2025-08-18 20:54:24.632 | INFO     | myoconverter.optimization.utils.UtilsForceOpt:fmOptPSO_cust:189 -         PSO iteration: 9 ; 2 percentage similarities; Best obj: 0.06713
2025-08-18 20:54:24.643 | INFO     | myoconverter.optimization.utils.UtilsForceOpt:fmOptPSO_cust:189 -         PSO iteration: 10 ; 1 percentage similarities; Best obj: 0.06565
2025-08-18 20:54:24.652 | INFO     | myoconverter.optimization.utils.UtilsForceOpt:fmOptPSO_cust:189 -         PSO iteration: 11 ; 1 percentage similarities; Best obj: 0.05869
2025-08-18 20:54:24.663 | INFO     | myoconverter.optimization.utils.UtilsForceOpt:fmOptPSO_cust:189 -         PSO iteration: 12 ; 1 percentage similarities; Best obj: 0.05677
2025-08-18 20:54:24.673 | INFO     | myoconverter.optimization.utils.UtilsForceOpt:fmOptPSO_cust:189 -         PSO iteration: 13 ; 1 percentage similarities; Best obj: 0.05632
2025-08-18 20:54:24.683 | INFO     | myoconverter.optimization.utils.UtilsForceOpt:fmOptPSO_cust:189 -         PSO iteration: 14 ; 1 percentage similarities; Best obj: 0.05621
2025-08-18 20:54:24.697 | INFO     | myoconverter.optimization.utils.UtilsForceOpt:fmOptPSO_cust:189 -         PSO iteration: 15 ; 1 percentage similarities; Best obj: 0.05471
2025-08-18 20:54:24.713 | INFO     | myoconverter.optimization.utils.UtilsForceOpt:fmOptPSO_cust:189 -         PSO iteration: 16 ; 2 percentage similarities; Best obj: 0.05319
2025-08-18 20:54:24.729 | INFO     | myoconverter.optimization.utils.UtilsForceOpt:fmOptPSO_cust:189 -         PSO iteration: 17 ; 1 percentage similarities; Best obj: 0.05284
2025-08-18 20:54:24.741 | INFO     | myoconverter.optimization.utils.UtilsForceOpt:fmOptPSO_cust:189 -         PSO iteration: 18 ; 2 percentage similarities; Best obj: 0.0518
2025-08-18 20:54:24.756 | INFO     | myoconverter.optimization.utils.UtilsForceOpt:fmOptPSO_cust:189 -         PSO iteration: 19 ; 2 percentage similarities; Best obj: 0.05153
2025-08-18 20:54:24.772 | INFO     | myoconverter.optimization.utils.UtilsForceOpt:fmOptPSO_cust:189 -         PSO iteration: 20 ; 5 percentage similarities; Best obj: 0.05098
2025-08-18 20:54:24.787 | INFO     | myoconverter.optimization.utils.UtilsForceOpt:fmOptPSO_cust:189 -         PSO iteration: 21 ; 5 percentage similarities; Best obj: 0.05086
2025-08-18 20:54:24.801 | INFO     | myoconverter.optimization.utils.UtilsForceOpt:fmOptPSO_cust:189 -         PSO iteration: 22 ; 9 percentage similarities; Best obj: 0.05023
2025-08-18 20:54:24.816 | INFO     | myoconverter.optimization.utils.UtilsForceOpt:fmOptPSO_cust:189 -         PSO iteration: 23 ; 6 percentage similarities; Best obj: 0.0501
2025-08-18 20:54:24.829 | INFO     | myoconverter.optimization.utils.UtilsForceOpt:fmOptPSO_cust:189 -         PSO iteration: 24 ; 5 percentage similarities; Best obj: 0.05007
2025-08-18 20:54:24.842 | INFO     | myoconverter.optimization.utils.UtilsForceOpt:fmOptPSO_cust:189 -         PSO iteration: 25 ; 12 percentage similarities; Best obj: 0.05006
2025-08-18 20:54:24.854 | INFO     | myoconverter.optimization.utils.UtilsForceOpt:fmOptPSO_cust:189 -         PSO iteration: 26 ; 21 percentage similarities; Best obj: 0.04994
2025-08-18 20:54:24.864 | INFO     | myoconverter.optimization.utils.UtilsForceOpt:fmOptPSO_cust:189 -         PSO iteration: 27 ; 24 percentage similarities; Best obj: 0.04988
2025-08-18 20:54:24.875 | INFO     | myoconverter.optimization.utils.UtilsForceOpt:fmOptPSO_cust:189 -         PSO iteration: 28 ; 31 percentage similarities; Best obj: 0.04982
2025-08-18 20:54:24.885 | INFO     | myoconverter.optimization.utils.UtilsForceOpt:fmOptPSO_cust:189 -         PSO iteration: 29 ; 49 percentage similarities; Best obj: 0.0498
2025-08-18 20:54:24.885 | INFO     | myoconverter.optimization.utils.UtilsForceOpt:fmOptPSO_cust:197 -         Break the optimization, since certain number of similar particles reached
2025-08-18 20:54:24.915 | INFO     | myoconverter.conversion_steps.O2MStep3:optMuscleForce:273 - Muscle : BRA 
2025-08-18 20:54:37.225 | INFO     | myoconverter.optimization.utils.UtilsForceOpt:fmOptPSO_cust:189 -         PSO iteration: 0 ; 0 percentage similarities; Best obj: 0.03862
2025-08-18 20:54:37.240 | INFO     | myoconverter.optimization.utils.UtilsForceOpt:fmOptPSO_cust:189 -         PSO iteration: 1 ; 1 percentage similarities; Best obj: 0.03862
2025-08-18 20:54:37.253 | INFO     | myoconverter.optimization.utils.UtilsForceOpt:fmOptPSO_cust:189 -         PSO iteration: 2 ; 1 percentage similarities; Best obj: 0.03862
2025-08-18 20:54:37.263 | INFO     | myoconverter.optimization.utils.UtilsForceOpt:fmOptPSO_cust:189 -         PSO iteration: 3 ; 1 percentage similarities; Best obj: 0.01302
2025-08-18 20:54:37.274 | INFO     | myoconverter.optimization.utils.UtilsForceOpt:fmOptPSO_cust:189 -         PSO iteration: 4 ; 1 percentage similarities; Best obj: 0.00836
2025-08-18 20:54:37.284 | INFO     | myoconverter.optimization.utils.UtilsForceOpt:fmOptPSO_cust:189 -         PSO iteration: 5 ; 1 percentage similarities; Best obj: 0.00786
2025-08-18 20:54:37.295 | INFO     | myoconverter.optimization.utils.UtilsForceOpt:fmOptPSO_cust:189 -         PSO iteration: 6 ; 1 percentage similarities; Best obj: 0.00741
2025-08-18 20:54:37.306 | INFO     | myoconverter.optimization.utils.UtilsForceOpt:fmOptPSO_cust:189 -         PSO iteration: 7 ; 1 percentage similarities; Best obj: 0.00639
2025-08-18 20:54:37.316 | INFO     | myoconverter.optimization.utils.UtilsForceOpt:fmOptPSO_cust:189 -         PSO iteration: 8 ; 1 percentage similarities; Best obj: 0.00615
2025-08-18 20:54:37.326 | INFO     | myoconverter.optimization.utils.UtilsForceOpt:fmOptPSO_cust:189 -         PSO iteration: 9 ; 1 percentage similarities; Best obj: 0.0059
2025-08-18 20:54:37.336 | INFO     | myoconverter.optimization.utils.UtilsForceOpt:fmOptPSO_cust:189 -         PSO iteration: 10 ; 1 percentage similarities; Best obj: 0.00581
2025-08-18 20:54:37.346 | INFO     | myoconverter.optimization.utils.UtilsForceOpt:fmOptPSO_cust:189 -         PSO iteration: 11 ; 1 percentage similarities; Best obj: 0.00579
2025-08-18 20:54:37.356 | INFO     | myoconverter.optimization.utils.UtilsForceOpt:fmOptPSO_cust:189 -         PSO iteration: 12 ; 1 percentage similarities; Best obj: 0.00576
2025-08-18 20:54:37.366 | INFO     | myoconverter.optimization.utils.UtilsForceOpt:fmOptPSO_cust:189 -         PSO iteration: 13 ; 2 percentage similarities; Best obj: 0.00573
2025-08-18 20:54:37.377 | INFO     | myoconverter.optimization.utils.UtilsForceOpt:fmOptPSO_cust:189 -         PSO iteration: 14 ; 2 percentage similarities; Best obj: 0.00569
2025-08-18 20:54:37.391 | INFO     | myoconverter.optimization.utils.UtilsForceOpt:fmOptPSO_cust:189 -         PSO iteration: 15 ; 2 percentage similarities; Best obj: 0.00567
2025-08-18 20:54:37.407 | INFO     | myoconverter.optimization.utils.UtilsForceOpt:fmOptPSO_cust:189 -         PSO iteration: 16 ; 2 percentage similarities; Best obj: 0.00567
2025-08-18 20:54:37.423 | INFO     | myoconverter.optimization.utils.UtilsForceOpt:fmOptPSO_cust:189 -         PSO iteration: 17 ; 2 percentage similarities; Best obj: 0.00566
2025-08-18 20:54:37.437 | INFO     | myoconverter.optimization.utils.UtilsForceOpt:fmOptPSO_cust:189 -         PSO iteration: 18 ; 2 percentage similarities; Best obj: 0.00551
2025-08-18 20:54:37.452 | INFO     | myoconverter.optimization.utils.UtilsForceOpt:fmOptPSO_cust:189 -         PSO iteration: 19 ; 1 percentage similarities; Best obj: 0.00536
2025-08-18 20:54:37.466 | INFO     | myoconverter.optimization.utils.UtilsForceOpt:fmOptPSO_cust:189 -         PSO iteration: 20 ; 4 percentage similarities; Best obj: 0.00505
2025-08-18 20:54:37.482 | INFO     | myoconverter.optimization.utils.UtilsForceOpt:fmOptPSO_cust:189 -         PSO iteration: 21 ; 2 percentage similarities; Best obj: 0.00497
2025-08-18 20:54:37.496 | INFO     | myoconverter.optimization.utils.UtilsForceOpt:fmOptPSO_cust:189 -         PSO iteration: 22 ; 1 percentage similarities; Best obj: 0.00495
2025-08-18 20:54:37.511 | INFO     | myoconverter.optimization.utils.UtilsForceOpt:fmOptPSO_cust:189 -         PSO iteration: 23 ; 1 percentage similarities; Best obj: 0.00495
2025-08-18 20:54:37.526 | INFO     | myoconverter.optimization.utils.UtilsForceOpt:fmOptPSO_cust:189 -         PSO iteration: 24 ; 4 percentage similarities; Best obj: 0.0049
2025-08-18 20:54:37.537 | INFO     | myoconverter.optimization.utils.UtilsForceOpt:fmOptPSO_cust:189 -         PSO iteration: 25 ; 2 percentage similarities; Best obj: 0.00485
2025-08-18 20:54:37.547 | INFO     | myoconverter.optimization.utils.UtilsForceOpt:fmOptPSO_cust:189 -         PSO iteration: 26 ; 5 percentage similarities; Best obj: 0.00483
2025-08-18 20:54:37.557 | INFO     | myoconverter.optimization.utils.UtilsForceOpt:fmOptPSO_cust:189 -         PSO iteration: 27 ; 9 percentage similarities; Best obj: 0.00482
2025-08-18 20:54:37.567 | INFO     | myoconverter.optimization.utils.UtilsForceOpt:fmOptPSO_cust:189 -         PSO iteration: 28 ; 10 percentage similarities; Best obj: 0.00481
2025-08-18 20:54:37.577 | INFO     | myoconverter.optimization.utils.UtilsForceOpt:fmOptPSO_cust:189 -         PSO iteration: 29 ; 12 percentage similarities; Best obj: 0.00481
2025-08-18 20:54:37.587 | INFO     | myoconverter.optimization.utils.UtilsForceOpt:fmOptPSO_cust:189 -         PSO iteration: 30 ; 12 percentage similarities; Best obj: 0.00481
2025-08-18 20:54:37.597 | INFO     | myoconverter.optimization.utils.UtilsForceOpt:fmOptPSO_cust:189 -         PSO iteration: 31 ; 14 percentage similarities; Best obj: 0.00481
2025-08-18 20:54:37.607 | INFO     | myoconverter.optimization.utils.UtilsForceOpt:fmOptPSO_cust:189 -         PSO iteration: 32 ; 18 percentage similarities; Best obj: 0.0048
2025-08-18 20:54:37.617 | INFO     | myoconverter.optimization.utils.UtilsForceOpt:fmOptPSO_cust:189 -         PSO iteration: 33 ; 30 percentage similarities; Best obj: 0.00479
2025-08-18 20:54:37.628 | INFO     | myoconverter.optimization.utils.UtilsForceOpt:fmOptPSO_cust:189 -         PSO iteration: 34 ; 35 percentage similarities; Best obj: 0.00478
2025-08-18 20:54:37.638 | INFO     | myoconverter.optimization.utils.UtilsForceOpt:fmOptPSO_cust:189 -         PSO iteration: 35 ; 45 percentage similarities; Best obj: 0.00478
2025-08-18 20:54:37.638 | INFO     | myoconverter.optimization.utils.UtilsForceOpt:fmOptPSO_cust:197 -         Break the optimization, since certain number of similar particles reached
2025-08-18 20:54:37.663 | INFO     | myoconverter.conversion_steps.O2MSteps:PipelineExecution:262 - Finished step 3 conversion - cvt3.
2025-08-18 20:54:37.663 | INFO     | myoconverter.conversion_steps.O2MSteps:PipelineExecution:268 - Started step 3 validation - val3.
2025-08-18 20:54:38.388 | INFO     | myoconverter.conversion_steps.O2MSteps:PipelineExecution:270 - Finished step 3 validation - val3.
2025-08-18 20:54:38.388 | INFO     | myoconverter.conversion_steps.O2MSteps:PipelineExecution:281 - Generating pdf report based on the validation results.
2025-08-18 20:54:38.388 | INFO     | myoconverter.conversion_steps.O2MSteps:PipelineExecution:282 -    This may take a while, suggest to do this after all validation steps...
2025-08-18 20:54:38.391 | INFO     | myoconverter.utils.generate_pdf:add_step1_plots:155 -    Adding vlt1 results.
2025-08-18 20:54:38.791 | INFO     | myoconverter.utils.generate_pdf:add_step2_plots:236 -    Adding vlt2 results.
2025-08-18 20:54:42.682 | INFO     | myoconverter.utils.generate_pdf:add_step3_plots:279 -    Adding vlt3 results.
